c:\users\administrator\desktop\gamesdldemo\gamesdldemo\release\vc142.pdb
c:\users\administrator\desktop\gamesdldemo\gamesdldemo\release\threatsobject.obj
c:\users\administrator\desktop\gamesdldemo\gamesdldemo\release\testopject.obj
c:\users\administrator\desktop\gamesdldemo\gamesdldemo\release\playerpower.obj
c:\users\administrator\desktop\gamesdldemo\gamesdldemo\release\mainobject.obj
c:\users\administrator\desktop\gamesdldemo\gamesdldemo\release\main.obj
c:\users\administrator\desktop\gamesdldemo\gamesdldemo\release\explosionobject.obj
c:\users\administrator\desktop\gamesdldemo\gamesdldemo\release\common_function.obj
c:\users\administrator\desktop\gamesdldemo\gamesdldemo\release\baseobject.obj
c:\users\administrator\desktop\gamesdldemo\gamesdldemo\release\bulletobject.obj
c:\users\administrator\desktop\gamesdldemo\release\gamesdldemo.ipdb
c:\users\administrator\desktop\gamesdldemo\release\gamesdldemo.iobj
c:\users\administrator\desktop\gamesdldemo\release\gamesdldemo.exe
c:\users\administrator\desktop\gamesdldemo\release\gamesdldemo.pdb
c:\users\administrator\desktop\gamesdldemo\gamesdldemo\release\gamesdldemo.tlog\cl.command.1.tlog
c:\users\administrator\desktop\gamesdldemo\gamesdldemo\release\gamesdldemo.tlog\cl.read.1.tlog
c:\users\administrator\desktop\gamesdldemo\gamesdldemo\release\gamesdldemo.tlog\cl.write.1.tlog
c:\users\administrator\desktop\gamesdldemo\gamesdldemo\release\gamesdldemo.tlog\gamesdldemo.write.1u.tlog
c:\users\administrator\desktop\gamesdldemo\gamesdldemo\release\gamesdldemo.tlog\link.command.1.tlog
c:\users\administrator\desktop\gamesdldemo\gamesdldemo\release\gamesdldemo.tlog\link.read.1.tlog
c:\users\administrator\desktop\gamesdldemo\gamesdldemo\release\gamesdldemo.tlog\link.write.1.tlog
