  stdafx.cpp
  Bai3.cpp
C:\Users\camas\Desktop\ThucHanhDH2020\Lab04\Bai3\Bai3.cpp(162,40): warning C4305: 'argument': truncation from 'double' to 'GLfloat'
C:\Users\camas\Desktop\ThucHanhDH2020\Lab04\Bai3\Bai3.cpp(163,48): warning C4305: 'argument': truncation from 'double' to 'GLfloat'
C:\Users\camas\Desktop\ThucHanhDH2020\Lab04\Bai3\Bai3.cpp(171,42): warning C4305: 'argument': truncation from 'double' to 'GLfloat'
C:\Users\camas\Desktop\ThucHanhDH2020\Lab04\Bai3\Bai3.cpp(181,60): warning C4305: 'argument': truncation from 'double' to 'GLfloat'
C:\Users\camas\Desktop\ThucHanhDH2020\Lab04\Bai3\Bai3.cpp(189,78): warning C4305: 'argument': truncation from 'double' to 'GLfloat'
C:\Users\camas\Desktop\ThucHanhDH2020\Lab04\Bai3\Bai3.cpp(197,78): warning C4305: 'argument': truncation from 'double' to 'GLfloat'
C:\Users\camas\Desktop\ThucHanhDH2020\Lab04\Bai3\Bai3.cpp(205,51): warning C4305: 'argument': truncation from 'double' to 'GLfloat'
C:\Users\camas\Desktop\ThucHanhDH2020\Lab04\Bai3\Bai3.cpp(213,51): warning C4305: 'argument': truncation from 'double' to 'GLfloat'
C:\Users\camas\Desktop\ThucHanhDH2020\Lab04\Bai3\Bai3.cpp(221,50): warning C4305: 'argument': truncation from 'double' to 'GLfloat'
C:\Users\camas\Desktop\ThucHanhDH2020\Lab04\Bai3\Bai3.cpp(321,55): warning C4305: 'argument': truncation from 'double' to 'GLfloat'
C:\Users\camas\Desktop\ThucHanhDH2020\Lab04\Bai3\Bai3.cpp(324,41): warning C4305: 'argument': truncation from 'double' to 'GLfloat'
C:\Users\camas\Desktop\ThucHanhDH2020\Lab04\Bai3\Bai3.cpp(341,72): warning C4305: 'argument': truncation from 'double' to 'GLfloat'
C:\Users\camas\Desktop\ThucHanhDH2020\Lab04\Bai3\Bai3.cpp(364,54): warning C4305: 'argument': truncation from 'double' to 'GLfloat'
C:\Users\camas\Desktop\ThucHanhDH2020\Lab04\Bai3\Bai3.cpp(367,42): warning C4305: 'argument': truncation from 'double' to 'GLfloat'
C:\Users\camas\Desktop\ThucHanhDH2020\Lab04\Bai3\Bai3.cpp(373,41): warning C4305: 'argument': truncation from 'double' to 'GLfloat'
C:\Users\camas\Desktop\ThucHanhDH2020\Lab04\Bai3\Bai3.cpp(376,42): warning C4305: 'argument': truncation from 'double' to 'GLfloat'
C:\Users\camas\Desktop\ThucHanhDH2020\Lab04\Bai3\Bai3.cpp(382,69): warning C4305: 'argument': truncation from 'double' to 'GLfloat'
C:\Users\camas\Desktop\ThucHanhDH2020\Lab04\Bai3\Bai3.cpp(397,57): warning C4305: 'argument': truncation from 'double' to 'GLfloat'
C:\Users\camas\Desktop\ThucHanhDH2020\Lab04\Bai3\Bai3.cpp(411,56): warning C4305: 'argument': truncation from 'double' to 'GLfloat'
C:\Users\camas\Desktop\ThucHanhDH2020\Lab04\Bai3\Bai3.cpp(437,38): warning C4244: 'return': conversion from 'double' to 'float', possible loss of data
C:\Users\camas\Desktop\ThucHanhDH2020\Lab04\Bai3\Bai3.cpp(441,18): warning C4244: 'initializing': conversion from 'double' to 'GLfloat', possible loss of data
C:\Users\camas\Desktop\ThucHanhDH2020\Lab04\Bai3\Bai3.cpp(459,12): warning C4244: 'argument': conversion from 'time_t' to 'unsigned int', possible loss of data
C:\Users\camas\Desktop\ThucHanhDH2020\Lab04\Bai3\Bai3.cpp(460,17): warning C4244: '=': conversion from 'int' to 'GLfloat', possible loss of data
C:\Users\camas\Desktop\ThucHanhDH2020\Lab04\Bai3\Bai3.cpp(461,17): warning C4244: '=': conversion from 'int' to 'GLfloat', possible loss of data
C:\Users\camas\Desktop\ThucHanhDH2020\Lab04\Bai3\Bai3.cpp(462,17): warning C4244: '=': conversion from 'int' to 'GLfloat', possible loss of data
  LINK : C:\Users\camas\Desktop\ThucHanhDH2020\Lab04\Debug\Bai3.exe not found or not built by the last incremental link; performing full link
  Bai3.vcxproj -> C:\Users\camas\Desktop\ThucHanhDH2020\Lab04\Debug\Bai3.exe
